<?xml version="1.0" encoding="UTF-8"?>
<!-- Generated by org.testng.reporters.JUnitReportReporter -->
<testsuite skipped="0" hostname="DESKTOP-C9OMQNM" name="webelement.amazonWarmUp" tests="4" failures="0" timestamp="30 Jun 2018 16:29:59 GMT" time="11.168" errors="0">
  <testcase name="writePrDsc" time="1.097" classname="webelement.amazonWarmUp"/>
  <testcase name="WebElements" time="2.845" classname="webelement.amazonWarmUp"/>
  <testcase name="writePriceDescription" time="5.700" classname="webelement.amazonWarmUp"/>
  <testcase name="WebElements2" time="1.526" classname="webelement.amazonWarmUp"/>
</testsuite> <!-- webelement.amazonWarmUp -->
