<?xml version="1.0" encoding="UTF-8"?>
<!-- Generated by org.testng.reporters.JUnitReportReporter -->
<testsuite skipped="0" hostname="DESKTOP-C9OMQNM" name="Mentoring.Primary" tests="1" failures="0" timestamp="26 Jun 2018 20:33:19 GMT" time="0.033" errors="0">
  <testcase name="test1" time="0.033" classname="Mentoring.Primary"/>
</testsuite> <!-- Mentoring.Primary -->
