<?xml version="1.0" encoding="UTF-8"?>
<!-- Generated by org.testng.reporters.JUnitReportReporter -->
<testsuite skipped="1" hostname="DESKTOP-C9OMQNM" name="pomdesign.WebOrderLoginTests" tests="3" failures="0" timestamp="08 Jul 2018 17:12:25 GMT" time="1.224" errors="0">
  <testcase name="positiveLoginUsingPOM" time="0.860" classname="pomdesign.WebOrderLoginTests"/>
  <testcase name="invalidUserName" time="0.364" classname="pomdesign.WebOrderLoginTests"/>
  <testcase name="positiveLoginTest" classname="pomdesign.WebOrderLoginTests">
    <skipped/>
  </testcase> <!-- positiveLoginTest -->
</testsuite> <!-- pomdesign.WebOrderLoginTests -->
