<?xml version="1.0" encoding="UTF-8"?>
<!-- Generated by org.testng.reporters.JUnitReportReporter -->
<testsuite skipped="0" hostname="DESKTOP-C9OMQNM" name="pomdesign.WebOrderTests" tests="3" failures="0" timestamp="09 Jul 2018 22:47:45 GMT" time="3.976" errors="0">
  <testcase name="labelsVerication" time="1.066" classname="pomdesign.WebOrderTests"/>
  <testcase name="availableProductsTest" time="0.879" classname="pomdesign.WebOrderTests"/>
  <testcase name="orderPage" time="2.031" classname="pomdesign.WebOrderTests"/>
</testsuite> <!-- pomdesign.WebOrderTests -->
