<?xml version="1.0" encoding="UTF-8"?>
<!-- Generated by org.testng.reporters.JUnitReportReporter -->
<testsuite skipped="0" hostname="DESKTOP-C9OMQNM" name="webtable.ReadWebTable" tests="2" failures="0" timestamp="02 Jul 2018 17:03:38 GMT" time="3.799" errors="0">
  <testcase name="readScore" time="0.673" classname="webtable.ReadWebTable"/>
  <testcase name="applicantsData" time="3.126" classname="webtable.ReadWebTable"/>
</testsuite> <!-- webtable.ReadWebTable -->
