<?xml version="1.0" encoding="UTF-8"?>
<!-- Generated by org.testng.reporters.JUnitReportReporter -->
<testsuite skipped="3" hostname="DESKTOP-C9OMQNM" name="webelement.WebElements" tests="5" failures="0" timestamp="27 Jun 2018 16:33:56 GMT" time="5.550" errors="0">
  <testcase name="loop" time="4.069" classname="webelement.WebElements"/>
  <testcase name="SeleniumWebElementsForm" time="1.481" classname="webelement.WebElements"/>
  <testcase name="slideShow" classname="webelement.WebElements">
    <skipped/>
  </testcase> <!-- slideShow -->
  <testcase name="WebElement" classname="webelement.WebElements">
    <skipped/>
  </testcase> <!-- WebElement -->
  <testcase name="myLinks" classname="webelement.WebElements">
    <skipped/>
  </testcase> <!-- myLinks -->
</testsuite> <!-- webelement.WebElements -->
