<?xml version="1.0" encoding="UTF-8"?>
<!-- Generated by org.testng.reporters.JUnitReportReporter -->
<testsuite skipped="0" hostname="DESKTOP-C9OMQNM" name="assertStep.SoftAsserts" tests="1" failures="0" timestamp="30 Jun 2018 17:00:55 GMT" time="0.019" errors="0">
  <testcase name="test1" time="0.019" classname="assertStep.SoftAsserts"/>
</testsuite> <!-- assertStep.SoftAsserts -->
